[Licensing::Module] Trying to connect to existing licensing client channel...
[Licensing::IpcConnector] Successfully connected to: "LicenseClient-X-GAMING" at "2025-10-13T08:35:07.0040972Z"
Built from '6000.2/respin/6000.2.7f1-2eb0c79396db' branch; Version is '6000.2.7f2 (2b518236b676) revision 2838914'; Using compiler version '194234433'; Build Type 'Release'
OS: 'Windows 11  (10.0.26100) 64bit Professional' Language: 'ru' Physical Memory: 63092 MB
BatchMode: 1, IsHumanControllingUs: 0, StartBugReporterOnCrash: 0, Is64bit: 1
Date: 2025-10-13T08:35:07Z

COMMAND LINE ARGUMENTS:
D:\UNITY\6000.2.7f2\Editor\Unity.exe
-adb2
-batchMode
-noUpm
-name
AssetImportWorker1
-projectPath
D:/MALL/SaveIt/GrowTrees
-logFile
Logs/AssetImportWorker1.log
-srvPort
59684
-job-worker-count
7
-background-job-worker-count
8
-gc-helper-count
1
-name
AssetImport
Successfully changed project path to: D:/MALL/SaveIt/GrowTrees
D:/MALL/SaveIt/GrowTrees
[UnityMemory] Configuration Parameters - Can be set up in boot.config
    "memorysetup-allocator-temp-initial-block-size-main=262144"
    "memorysetup-allocator-temp-initial-block-size-worker=262144"
    "memorysetup-bucket-allocator-granularity=16"
    "memorysetup-bucket-allocator-bucket-count=8"
    "memorysetup-bucket-allocator-block-size=33554432"
    "memorysetup-bucket-allocator-block-count=8"
    "memorysetup-main-allocator-block-size=16777216"
    "memorysetup-thread-allocator-block-size=16777216"
    "memorysetup-gfx-main-allocator-block-size=16777216"
    "memorysetup-gfx-thread-allocator-block-size=16777216"
    "memorysetup-cache-allocator-block-size=4194304"
    "memorysetup-typetree-allocator-block-size=2097152"
    "memorysetup-profiler-bucket-allocator-granularity=16"
    "memorysetup-profiler-bucket-allocator-bucket-count=8"
    "memorysetup-profiler-bucket-allocator-block-size=33554432"
    "memorysetup-profiler-bucket-allocator-block-count=8"
    "memorysetup-profiler-allocator-block-size=16777216"
    "memorysetup-profiler-editor-allocator-block-size=1048576"
    "memorysetup-temp-allocator-size-main=16777216"
    "memorysetup-job-temp-allocator-block-size=2097152"
    "memorysetup-job-temp-allocator-block-size-background=1048576"
    "memorysetup-job-temp-allocator-reduction-small-platforms=262144"
    "memorysetup-temp-allocator-size-background-worker=32768"
    "memorysetup-temp-allocator-size-job-worker=262144"
    "memorysetup-temp-allocator-size-preload-manager=33554432"
    "memorysetup-temp-allocator-size-nav-mesh-worker=65536"
    "memorysetup-temp-allocator-size-audio-worker=65536"
    "memorysetup-temp-allocator-size-cloud-worker=32768"
    "memorysetup-temp-allocator-size-gi-baking-worker=262144"
    "memorysetup-temp-allocator-size-gi-baking-worker=262144"
    "memorysetup-temp-allocator-size-gi-baking-worker=262144"
    "memorysetup-temp-allocator-size-gi-baking-worker=262144"
    "memorysetup-temp-allocator-size-gi-baking-worker=262144"
    "memorysetup-temp-allocator-size-gfx=262144"
Player connection [29236]  Target information:

Player connection [29236]  * "[IP] 192.168.0.102 [Port] 0 [Flags] 2 [Guid] 356468748 [EditorId] 356468748 [Version] 1048832 [Id] WindowsEditor(7,DESKTOP-DLPJC56) [Debug] 1 [PackageName] WindowsEditor [ProjectName] Editor" 

Player connection [29236] Host joined multi-casting on [225.0.0.222:54997]...
Player connection [29236] Host joined alternative multi-casting on [225.0.0.222:34997]...
JobSystem: Creating JobQueue using job-worker-count value 7
Input System module state changed to: Initialized.
[Physics::Module] Initialized fallback backend.
[Physics::Module] Id: 0xdecafbad
[Licensing::Client] Code 10 while verifying Licensing Client signature (process Id: 35976, path: "D:/unityhub/Unity Hub/UnityLicensingClient_V1/Unity.Licensing.Client.exe")
[Licensing::Module] LicensingClient has failed validation; ignoring
[Licensing::Client] Error: HandshakeResponse reported an error:
	ResponseCode: 505
	ResponseStatus: Unsupported protocol version '1.17.2'.
[Licensing::Module] Error: Failed to handshake to channel: "LicenseClient-X-GAMING"
[Licensing::IpcConnector] LicenseClient-X-GAMING channel disconnected successfully.
[Licensing::IpcConnector] Successfully connected to: "LicenseClient-X-GAMING-6000.2.7" at "2025-10-13T08:35:07.0321851Z"
[Licensing::Client] Code 10 while verifying Licensing Client signature (process Id: 34928, path: "D:/UNITY/6000.2.7f2/Editor/Data/Resources/Licensing/Client/Unity.Licensing.Client.exe")
[Licensing::Module] LicensingClient has failed validation; ignoring
[Licensing::Client] Handshaking with LicensingClient:
  Version:                 1.17.2+ff71f16
  Session Id:              9a82d8b08982453fb808f7f552ed7508
  Correlation Id:          596a6b73c3b8e7425e2bb3160576e028
  External correlation Id: 2432863282362832991
  Machine Id:              lkwuFDYuMCdN+f8D391+f71aLBY=
[Licensing::Module] Successfully connected to LicensingClient on channel: "LicenseClient-X-GAMING-6000.2.7" (connect: 0.00s, validation: 0.00s, handshake: 0.00s)
[Licensing::IpcConnector] Successfully connected to: "LicenseClient-X-GAMING-6000.2.7-notifications" at "2025-10-13T08:35:07.0365077Z"
[Licensing::Module] Licensing Background thread has ended after 0.03s
Library Redirect Path: Library/
[Physics::Module] Selected backend.
[Physics::Module] Name: PhysX
[Physics::Module] Id: 0xf2b8ea05
[Physics::Module] SDK Version: 4.1.2
[Physics::Module] Integration Version: 1.0.0
[Physics::Module] Threading Mode: Multi-Threaded
Refreshing native plugins compatible for Editor in 1.43 ms, found 3 plugins.
Preloading 0 native plugins for Editor in 0.00 ms.
Initialize engine version: 6000.2.7f2 (2b518236b676)
[Subsystems] Discovering subsystems at path D:/UNITY/6000.2.7f2/Editor/Data/Resources/UnitySubsystems
[Subsystems] Discovering subsystems at path D:/MALL/SaveIt/GrowTrees/Assets
GfxDevice: creating device client; kGfxThreadingModeNonThreaded
Direct3D:
    Version:  Direct3D 11.0 [level 11.1]
    Renderer: NVIDIA GeForce RTX 5080 (ID=0x2c02)
    Vendor:   NVIDIA
    VRAM:     15889 MB
    Driver:   32.0.15.8088
Initialize mono
Mono path[0] = 'D:/UNITY/6000.2.7f2/Editor/Data/Managed'
Mono path[1] = 'D:/UNITY/6000.2.7f2/Editor/Data/MonoBleedingEdge/lib/mono/unityjit-win32'
Mono config path = 'D:/UNITY/6000.2.7f2/Editor/Data/MonoBleedingEdge/etc'
Using monoOptions --debugger-agent=transport=dt_socket,embedding=1,server=y,suspend=n,address=127.0.0.1:56220
Begin MonoManager ReloadAssembly
Registering precompiled unity dll's ...
Register platform support module: D:/UNITY/6000.2.7f2/Editor/Data/PlaybackEngines/WindowsStandaloneSupport/UnityEditor.WindowsStandalone.Extensions.dll
[Licensing::Client] Successfully resolved entitlement details
[Licensing::Module] License group:
  Id: 10171503581360-UnityPersXXXX
  Product: Unity Personal
  Type: Assigned
  Expiration: Unlimited
Register platform support module: D:/UNITY/6000.2.7f2/Editor/Data/PlaybackEngines/AndroidPlayer/UnityEditor.Android.Extensions.dll
Registered in 0.001703 seconds.
- Loaded All Assemblies, in  0.259 seconds
Native extension for Android target not found
Android Extension - Scanning For ADB Devices 2027 ms
Native extension for WindowsStandalone target not found
Mono: successfully reloaded assembly
- Finished resetting the current domain, in  2.261 seconds
Domain Reload Profiling: 2520ms
	BeginReloadAssembly (88ms)
		ExecutionOrderSort (0ms)
		DisableScriptedObjects (0ms)
		BackupInstance (0ms)
		ReleaseScriptingObjects (0ms)
		CreateAndSetChildDomain (1ms)
	RebuildCommonClasses (31ms)
	RebuildNativeTypeToScriptingClass (7ms)
	initialDomainReloadingComplete (30ms)
	LoadAllAssembliesAndSetupDomain (103ms)
		LoadAssemblies (88ms)
		RebuildTransferFunctionScriptingTraits (0ms)
		AnalyzeDomain (100ms)
			TypeCache.Refresh (99ms)
				TypeCache.ScanAssembly (91ms)
			BuildScriptInfoCaches (0ms)
			ResolveRequiredComponents (0ms)
	FinalizeReload (2261ms)
		ReleaseScriptCaches (0ms)
		RebuildScriptCaches (0ms)
		SetupLoadedEditorAssemblies (2234ms)
			LogAssemblyErrors (0ms)
			InitializePlatformSupportModulesInManaged (2080ms)
			SetLoadedEditorAssemblies (2ms)
			BeforeProcessingInitializeOnLoad (38ms)
			ProcessInitializeOnLoadAttributes (82ms)
			ProcessInitializeOnLoadMethodAttributes (32ms)
			AfterProcessingInitializeOnLoad (0ms)
			EditorAssembliesLoaded (0ms)
		ExecutionOrderSort2 (0ms)
		AwakeInstancesAfterBackupRestoration (0ms)
Assertion failed on expression: 'IsFileCreated(assemblyPath)'
Assertion failed on expression: 'IsFileCreated(assemblyPath)'
Assertion failed on expression: 'IsFileCreated(assemblyPath)'
Assertion failed on expression: 'IsFileCreated(assemblyPath)'
Assertion failed on expression: 'IsFileCreated(assemblyPath)'
Assertion failed on expression: 'IsFileCreated(assemblyPath)'
Compilation Pipeline: Could not read file Packages/com.unity.collab-proxy/Editor/Entities/Unity.PlasticSCM.Editor.Entities.asmdef
Fatal Error! Compilation Pipeline: Could not read file Packages/com.unity.collab-proxy/Editor/Entities/Unity.PlasticSCM.Editor.Entities.asmdef
Crash!!!
SymInit: Symbol-SearchPath: 'D:/UNITY/6000.2.7f2/Editor/Data/Mono;.;D:\MALL\SaveIt\GrowTrees;D:\MALL\SaveIt\GrowTrees\Library\BurstCache\JIT;D:\UNITY\6000.2.7f2\Editor;C:\WINDOWS;C:\WINDOWS\system32;', symOptions: 534, UserName: 'X-GAMING'
OS-Version: 10.0.0
D:\UNITY\6000.2.7f2\Editor\Unity.exe:Unity.exe (00007FF68BDB0000), size: 290816 (result: 0), SymType: '-deferred-', PDB: '', fileVersion: 6000.2.7.20866
C:\WINDOWS\SYSTEM32\ntdll.dll:ntdll.dll (00007FFA51C00000), size: 2527232 (result: 0), SymType: '-deferred-', PDB: '', fileVersion: 10.0.26100.5074
C:\WINDOWS\System32\KERNEL32.DLL:KERNEL32.DLL (00007FFA502A0000), size: 823296 (result: 0), SymType: '-deferred-', PDB: '', fileVersion: 10.0.26100.5074
C:\WINDOWS\System32\KERNELBASE.dll:KERNELBASE.dll (00007FFA4ED60000), size: 4141056 (result: 0), SymType: '-deferred-', PDB: '', fileVersion: 10.0.26100.6584
C:\WINDOWS\System32\USER32.dll:USER32.dll (00007FFA505A0000), size: 1851392 (result: 0), SymType: '-deferred-', PDB: '', fileVersion: 10.0.26100.5074
C:\WINDOWS\System32\win32u.dll:win32u.dll (00007FFA4F5F0000), size: 159744 (result: 0), SymType: '-deferred-', PDB: '', fileVersion: 10.0.26100.5074
C:\WINDOWS\System32\GDI32.dll:GDI32.dll (00007FFA503D0000), size: 176128 (result: 0), SymType: '-deferred-', PDB: '', fileVersion: 10.0.26100.5074
C:\WINDOWS\System32\gdi32full.dll:gdi32full.dll (00007FFA4F220000), size: 1232896 (result: 0), SymType: '-deferred-', PDB: '', fileVersion: 10.0.26100.5074
C:\WINDOWS\System32\msvcp_win.dll:msvcp_win.dll (00007FFA4F770000), size: 667648 (result: 0), SymType: '-deferred-', PDB: '', fileVersion: 10.0.26100.5074
C:\WINDOWS\System32\ucrtbase.dll:ucrtbase.dll (00007FFA4F620000), size: 1355776 (result: 0), SymType: '-deferred-', PDB: '', fileVersion: 10.0.26100.5074
C:\WINDOWS\System32\IMM32.DLL:IMM32.DLL (00007FFA51260000), size: 192512 (result: 0), SymType: '-deferred-', PDB: '', fileVersion: 10.0.26100.4484
D:\UNITY\6000.2.7f2\Editor\Unity.dll:Unity.dll (00007FF97D1E0000), size: 87769088 (result: 0), SymType: '-deferred-', PDB: '', fileVersion: 6000.2.7.20866
C:\WINDOWS\System32\CRYPT32.dll:CRYPT32.dll (00007FFA4F820000), size: 1536000 (result: 0), SymType: '-deferred-', PDB: '', fileVersion: 10.0.26100.5074
C:\WINDOWS\System32\ADVAPI32.dll:ADVAPI32.dll (00007FFA51110000), size: 737280 (result: 0), SymType: '-deferred-', PDB: '', fileVersion: 10.0.26100.6584
D:\UNITY\6000.2.7f2\Editor\libfbxsdk.dll:libfbxsdk.dll (00007FF9AE0E0000), size: 8019968 (result: 0), SymType: '-deferred-', PDB: '', fileVersion: 2020.3.7.0
D:\UNITY\6000.2.7f2\Editor\s3tcompress.dll:s3tcompress.dll (00007FFA0ECE0000), size: 180224 (result: 0), SymType: '-deferred-', PDB: ''
D:\UNITY\6000.2.7f2\Editor\etccompress.dll:etccompress.dll (00007FF9B93D0000), size: 5070848 (result: 0), SymType: '-deferred-', PDB: ''
C:\WINDOWS\System32\msvcrt.dll:msvcrt.dll (00007FFA51A60000), size: 692224 (result: 0), SymType: '-deferred-', PDB: '', fileVersion: 7.0.26100.5074
D:\UNITY\6000.2.7f2\Editor\ispc_texcomp.dll:ispc_texcomp.dll (00007FF9B6E40000), size: 1826816 (result: 0), SymType: '-deferred-', PDB: ''
C:\WINDOWS\System32\sechost.dll:sechost.dll (00007FFA50410000), size: 679936 (result: 0), SymType: '-deferred-', PDB: '', fileVersion: 10.0.26100.6584
D:\UNITY\6000.2.7f2\Editor\FreeImage.dll:FreeImage.dll (0000000180000000), size: 5783552 (result: 0), SymType: '-deferred-', PDB: '', fileVersion: 3.18.0.0
D:\UNITY\6000.2.7f2\Editor\compress_bc7e.dll:compress_bc7e.dll (00007FF9B9270000), size: 1433600 (result: 0), SymType: '-deferred-', PDB: ''
C:\WINDOWS\System32\RPCRT4.dll:RPCRT4.dll (00007FFA4FE00000), size: 1146880 (result: 0), SymType: '-deferred-', PDB: '', fileVersion: 10.0.26100.5074
C:\WINDOWS\System32\WS2_32.dll:WS2_32.dll (00007FFA51B10000), size: 475136 (result: 0), SymType: '-deferred-', PDB: '', fileVersion: 10.0.26100.5074
D:\UNITY\6000.2.7f2\Editor\WinPixEventRuntime.dll:WinPixEventRuntime.dll (00007FFA4BD80000), size: 57344 (result: 0), SymType: '-deferred-', PDB: '', fileVersion: 1.0.2403.8001
D:\UNITY\6000.2.7f2\Editor\umbraoptimizer64.dll:umbraoptimizer64.dll (00007FF9B8730000), size: 1187840 (result: 0), SymType: '-deferred-', PDB: ''
C:\WINDOWS\SYSTEM32\MSVCP140.dll:MSVCP140.dll (00007FFA365B0000), size: 561152 (result: 0), SymType: '-deferred-', PDB: '', fileVersion: 14.44.35211.0
C:\WINDOWS\SYSTEM32\VCRUNTIME140.dll:VCRUNTIME140.dll (00007FFA36690000), size: 122880 (result: 0), SymType: '-deferred-', PDB: '', fileVersion: 14.44.35211.0
C:\WINDOWS\System32\ole32.dll:ole32.dll (00007FFA513A0000), size: 1671168 (result: 0), SymType: '-deferred-', PDB: '', fileVersion: 10.0.26100.5074
C:\WINDOWS\SYSTEM32\VCRUNTIME140_1.dll:VCRUNTIME140_1.dll (00007FFA365A0000), size: 49152 (result: 0), SymType: '-deferred-', PDB: '', fileVersion: 14.44.35211.0
C:\WINDOWS\System32\combase.dll:combase.dll (00007FFA4FF20000), size: 3649536 (result: 0), SymType: '-deferred-', PDB: '', fileVersion: 10.0.26100.5074
C:\WINDOWS\SYSTEM32\bcrypt.dll:bcrypt.dll (00007FFA4EC50000), size: 155648 (result: 0), SymType: '-deferred-', PDB: '', fileVersion: 10.0.26100.5074
C:\WINDOWS\System32\SETUPAPI.dll:SETUPAPI.dll (00007FFA515D0000), size: 4747264 (result: 0), SymType: '-deferred-', PDB: '', fileVersion: 10.0.26100.5074
C:\WINDOWS\WinSxS\amd64_microsoft.windows.common-controls_6595b64144ccf1df_6.0.26100.5074_none_3e0d6f78e32fd63f\COMCTL32.dll:COMCTL32.dll (00007FFA36190000), size: 2699264 (result: 0), SymType: '-deferred-', PDB: '', fileVersion: 6.10.26100.5074
C:\WINDOWS\SYSTEM32\d3d11.dll:d3d11.dll (00007FFA4B180000), size: 2490368 (result: 0), SymType: '-deferred-', PDB: '', fileVersion: 10.0.26100.5074
C:\WINDOWS\System32\SHELL32.dll:SHELL32.dll (00007FFA508C0000), size: 7655424 (result: 0), SymType: '-deferred-', PDB: '', fileVersion: 10.0.26100.6584
C:\WINDOWS\SYSTEM32\dwmapi.dll:dwmapi.dll (00007FFA4C320000), size: 176128 (result: 0), SymType: '-deferred-', PDB: '', fileVersion: 10.0.26100.5074
C:\WINDOWS\System32\wintypes.dll:wintypes.dll (00007FFA4F350000), size: 1490944 (result: 0), SymType: '-deferred-', PDB: '', fileVersion: 10.0.26100.5074
C:\WINDOWS\SYSTEM32\dxgi.dll:dxgi.dll (00007FFA4C1C0000), size: 1286144 (result: 0), SymType: '-deferred-', PDB: '', fileVersion: 10.0.26100.5074
C:\WINDOWS\SYSTEM32\d3d12.dll:d3d12.dll (00007FF9F2230000), size: 143360 (result: 0), SymType: '-deferred-', PDB: '', fileVersion: 10.0.26100.5074
C:\WINDOWS\System32\SHLWAPI.dll:SHLWAPI.dll (00007FFA50790000), size: 401408 (result: 0), SymType: '-deferred-', PDB: '', fileVersion: 10.0.26100.6584
C:\WINDOWS\SYSTEM32\HID.DLL:HID.DLL (00007FFA4D200000), size: 61440 (result: 0), SymType: '-deferred-', PDB: '', fileVersion: 10.0.26100.1150
C:\WINDOWS\SYSTEM32\IPHLPAPI.DLL:IPHLPAPI.DLL (00007FFA4D500000), size: 212992 (result: 0), SymType: '-deferred-', PDB: '', fileVersion: 10.0.26100.5074
C:\WINDOWS\System32\OLEAUT32.dll:OLEAUT32.dll (00007FFA504C0000), size: 880640 (result: 0), SymType: '-deferred-', PDB: '', fileVersion: 10.0.26100.5074
C:\WINDOWS\SYSTEM32\OPENGL32.dll:OPENGL32.dll (00007FF9F1980000), size: 1097728 (result: 0), SymType: '-deferred-', PDB: '', fileVersion: 10.0.26100.5074
C:\WINDOWS\System32\WINTRUST.dll:WINTRUST.dll (00007FFA4F4C0000), size: 516096 (result: 0), SymType: '-deferred-', PDB: '', fileVersion: 10.0.26100.5074
C:\WINDOWS\SYSTEM32\powrprof.dll:powrprof.dll (00007FFA4EA30000), size: 385024 (result: 0), SymType: '-deferred-', PDB: '', fileVersion: 10.0.26100.3912
C:\WINDOWS\SYSTEM32\WINHTTP.dll:WINHTTP.dll (00007FFA48E80000), size: 1175552 (result: 0), SymType: '-deferred-', PDB: '', fileVersion: 10.0.26100.5074
C:\WINDOWS\SYSTEM32\GLU32.dll:GLU32.dll (00007FF9F5810000), size: 184320 (result: 0), SymType: '-deferred-', PDB: '', fileVersion: 10.0.26100.1150
C:\WINDOWS\SYSTEM32\WINMM.dll:WINMM.dll (00007FFA415E0000), size: 217088 (result: 0), SymType: '-deferred-', PDB: '', fileVersion: 10.0.26100.5074
D:\UNITY\6000.2.7f2\Editor\SketchUpAPI.dll:SketchUpAPI.dll (00007FF9AC9D0000), size: 8990720 (result: 0), SymType: '-deferred-', PDB: '', fileVersion: 23.0.0.0
D:\UNITY\6000.2.7f2\Editor\NativeProxyHelper.dll:NativeProxyHelper.dll (00007FF9B6340000), size: 1789952 (result: 0), SymType: '-deferred-', PDB: ''
C:\WINDOWS\SYSTEM32\VERSION.dll:VERSION.dll (00007FFA48380000), size: 45056 (result: 0), SymType: '-deferred-', PDB: '', fileVersion: 10.0.26100.1150
C:\WINDOWS\SYSTEM32\WSOCK32.dll:WSOCK32.dll (00007FFA42A70000), size: 40960 (result: 0), SymType: '-deferred-', PDB: '', fileVersion: 10.0.26100.1
C:\WINDOWS\SYSTEM32\Secur32.dll:Secur32.dll (00007FFA4BE10000), size: 53248 (result: 0), SymType: '-deferred-', PDB: '', fileVersion: 10.0.26100.1
D:\UNITY\6000.2.7f2\Editor\SketchUpCommonPreferences.dll:SketchUpCommonPreferences.dll (00007FF9CBC80000), size: 499712 (result: 0), SymType: '-deferred-', PDB: '', fileVersion: 23.0.0.0
C:\WINDOWS\SYSTEM32\dxcore.dll:dxcore.dll (00007FFA4C150000), size: 278528 (result: 0), SymType: '-deferred-', PDB: '', fileVersion: 10.0.26100.5074
C:\WINDOWS\SYSTEM32\SSPICLI.DLL:SSPICLI.DLL (00007FFA4DDA0000), size: 299008 (result: 0), SymType: '-deferred-', PDB: '', fileVersion: 10.0.26100.6584
D:\UNITY\6000.2.7f2\Editor\OpenRL.dll:OpenRL.dll (000001882F1A0000), size: 12779520 (result: 0), SymType: '-deferred-', PDB: '', fileVersion: 1.5.0.2907
C:\WINDOWS\SYSTEM32\cfgmgr32.DLL:cfgmgr32.DLL (00007FFA4E930000), size: 356352 (result: 0), SymType: '-deferred-', PDB: '', fileVersion: 10.0.26100.4202
C:\WINDOWS\SYSTEM32\MSVCR100.dll:MSVCR100.dll (0000000070F90000), size: 860160 (result: 0), SymType: '-deferred-', PDB: '', fileVersion: 10.0.40219.325
C:\WINDOWS\SYSTEM32\MSVCP100.dll:MSVCP100.dll (0000000071070000), size: 622592 (result: 0), SymType: '-deferred-', PDB: '', fileVersion: 10.0.40219.325
D:\UNITY\6000.2.7f2\Editor\embree.dll:embree.dll (00007FF9A94B0000), size: 16711680 (result: 0), SymType: '-deferred-', PDB: '', fileVersion: 2.14.0.0
C:\WINDOWS\SYSTEM32\MSWSOCK.DLL:MSWSOCK.DLL (00007FFA4E060000), size: 438272 (result: 0), SymType: '-deferred-', PDB: '', fileVersion: 10.0.26100.5074
D:\UNITY\6000.2.7f2\Editor\tbb.dll:tbb.dll (00007FFA0EC90000), size: 303104 (result: 0), SymType: '-deferred-', PDB: '', fileVersion: 2020.3.2022.1111
D:\UNITY\6000.2.7f2\Editor\OpenRL_pthread.dll:OpenRL_pthread.dll (000001882FDF0000), size: 61440 (result: 0), SymType: '-deferred-', PDB: '', fileVersion: 2.9.0.0
C:\WINDOWS\SYSTEM32\UMPDC.dll:UMPDC.dll (00007FFA4EA10000), size: 81920 (result: 0), SymType: '-deferred-', PDB: '', fileVersion: 10.0.26100.1301
C:\WINDOWS\SYSTEM32\MSASN1.dll:MSASN1.dll (00007FFA4E490000), size: 77824 (result: 0), SymType: '-deferred-', PDB: '', fileVersion: 10.0.26100.5074
C:\WINDOWS\System32\bcryptprimitives.dll:bcryptprimitives.dll (00007FFA4F550000), size: 626688 (result: 0), SymType: '-deferred-', PDB: '', fileVersion: 10.0.26100.5074
C:\WINDOWS\SYSTEM32\kernel.appcore.dll:kernel.appcore.dll (00007FFA4DB00000), size: 110592 (result: 0), SymType: '-deferred-', PDB: '', fileVersion: 10.0.26100.5074
C:\WINDOWS\system32\uxtheme.dll:uxtheme.dll (00007FFA4C050000), size: 688128 (result: 0), SymType: '-deferred-', PDB: '', fileVersion: 10.0.26100.5074
C:\WINDOWS\SYSTEM32\windows.storage.dll:windows.storage.dll (00007FFA4C9A0000), size: 8753152 (result: 0), SymType: '-deferred-', PDB: '', fileVersion: 10.0.26100.6584
C:\WINDOWS\System32\SHCORE.dll:SHCORE.dll (00007FFA51010000), size: 983040 (result: 0), SymType: '-deferred-', PDB: '', fileVersion: 10.0.26100.6584
C:\WINDOWS\SYSTEM32\profapi.dll:profapi.dll (00007FFA4EC80000), size: 167936 (result: 0), SymType: '-deferred-', PDB: '', fileVersion: 10.0.26100.4768
C:\WINDOWS\SYSTEM32\CRYPTSP.dll:CRYPTSP.dll (00007FFA4E430000), size: 110592 (result: 0), SymType: '-deferred-', PDB: '', fileVersion: 10.0.26100.5074
C:\WINDOWS\system32\IconCodecService.dll:IconCodecService.dll (00007FFA255C0000), size: 45056 (result: 0), SymType: '-deferred-', PDB: '', fileVersion: 10.0.26100.1
C:\WINDOWS\system32\rsaenh.dll:rsaenh.dll (00007FFA4DA60000), size: 241664 (result: 0), SymType: '-deferred-', PDB: '', fileVersion: 10.0.26100.5074
C:\WINDOWS\SYSTEM32\WindowsCodecs.dll:WindowsCodecs.dll (00007FFA4A690000), size: 2289664 (result: 0), SymType: '-deferred-', PDB: '', fileVersion: 10.0.26100.6584
C:\WINDOWS\SYSTEM32\CRYPTBASE.dll:CRYPTBASE.dll (00007FFA4E290000), size: 49152 (result: 0), SymType: '-deferred-', PDB: '', fileVersion: 10.0.26100.5074
C:\WINDOWS\System32\clbcatq.dll:clbcatq.dll (00007FFA50800000), size: 724992 (result: 0), SymType: '-deferred-', PDB: '', fileVersion: 2001.12.10941.16384
C:\WINDOWS\System32\imagehlp.dll:imagehlp.dll (00007FFA4FDD0000), size: 131072 (result: 0), SymType: '-deferred-', PDB: '', fileVersion: 10.0.26100.4202
C:\WINDOWS\System32\netprofm.dll:netprofm.dll (00007FFA49960000), size: 442368 (result: 0), SymType: '-deferred-', PDB: '', fileVersion: 10.0.26100.5074
C:\WINDOWS\System32\NSI.dll:NSI.dll (00007FFA4F9A0000), size: 40960 (result: 0), SymType: '-deferred-', PDB: '', fileVersion: 10.0.26100.5074
C:\WINDOWS\SYSTEM32\dhcpcsvc6.DLL:dhcpcsvc6.DLL (00007FFA491B0000), size: 122880 (result: 0), SymType: '-deferred-', PDB: '', fileVersion: 10.0.26100.5074
C:\WINDOWS\SYSTEM32\dhcpcsvc.DLL:dhcpcsvc.DLL (00007FFA48E50000), size: 143360 (result: 0), SymType: '-deferred-', PDB: '', fileVersion: 10.0.26100.5074
C:\WINDOWS\SYSTEM32\DNSAPI.dll:DNSAPI.dll (00007FFA4D590000), size: 1204224 (result: 0), SymType: '-deferred-', PDB: '', fileVersion: 10.0.26100.6584
C:\WINDOWS\system32\napinsp.dll:napinsp.dll (00007FFA2D220000), size: 98304 (result: 0), SymType: '-deferred-', PDB: '', fileVersion: 10.0.26100.1150
C:\WINDOWS\System32\npmproxy.dll:npmproxy.dll (00007FFA48310000), size: 102400 (result: 0), SymType: '-deferred-', PDB: '', fileVersion: 10.0.26100.1150
C:\WINDOWS\System32\winrnr.dll:winrnr.dll (00007FFA1E330000), size: 73728 (result: 0), SymType: '-deferred-', PDB: '', fileVersion: 10.0.26100.1882
C:\WINDOWS\system32\nlansp_c.dll:nlansp_c.dll (00007FFA181D0000), size: 163840 (result: 0), SymType: '-deferred-', PDB: '', fileVersion: 10.0.26100.5074
C:\WINDOWS\system32\wshbth.dll:wshbth.dll (00007FFA26150000), size: 90112 (result: 0), SymType: '-deferred-', PDB: '', fileVersion: 10.0.26100.5074
C:\WINDOWS\System32\fwpuclnt.dll:fwpuclnt.dll (00007FFA48460000), size: 548864 (result: 0), SymType: '-deferred-', PDB: '', fileVersion: 10.0.26100.6584
C:\Windows\System32\rasadhlp.dll:rasadhlp.dll (00007FFA43020000), size: 45056 (result: 0), SymType: '-deferred-', PDB: '', fileVersion: 10.0.26100.6584
D:\UNITY\6000.2.7f2\Editor\AMDUnityPlugin.DLL:AMDUnityPlugin.DLL (00007FF9AC160000), size: 8839168 (result: 0), SymType: '-deferred-', PDB: ''
D:\UNITY\6000.2.7f2\Editor\NVUnityPlugin.DLL:NVUnityPlugin.DLL (00007FF9ADE10000), size: 1605632 (result: 0), SymType: '-deferred-', PDB: ''
C:\WINDOWS\SYSTEM32\gpapi.dll:gpapi.dll (00007FFA4E0D0000), size: 159744 (result: 0), SymType: '-deferred-', PDB: '', fileVersion: 10.0.26100.3323
C:\Windows\System32\cryptnet.dll:cryptnet.dll (00007FFA482D0000), size: 241664 (result: 0), SymType: '-deferred-', PDB: '', fileVersion: 10.0.26100.3624
C:\WINDOWS\SYSTEM32\WINNSI.DLL:WINNSI.DLL (00007FFA4C000000), size: 61440 (result: 0), SymType: '-deferred-', PDB: '', fileVersion: 10.0.26100.5074
D:\UNITY\6000.2.7f2\Editor\Data\Tools\astcenc-avx2.dll:astcenc-avx2.dll (00007FF9ABC10000), size: 352256 (result: 0), SymType: '-deferred-', PDB: ''
C:\WINDOWS\System32\MMDevApi.dll:MMDevApi.dll (00007FFA42750000), size: 626688 (result: 0), SymType: '-deferred-', PDB: '', fileVersion: 10.0.26100.5074
C:\WINDOWS\System32\DEVOBJ.dll:DEVOBJ.dll (00007FFA4E990000), size: 184320 (result: 0), SymType: '-deferred-', PDB: '', fileVersion: 10.0.26100.1150
C:\WINDOWS\SYSTEM32\directxdatabasehelper.dll:directxdatabasehelper.dll (00007FFA49120000), size: 393216 (result: 0), SymType: '-deferred-', PDB: '', fileVersion: 10.0.26100.5074
C:\WINDOWS\System32\DriverStore\FileRepository\nv_dispi.inf_amd64_fe5f369669db2f36\nvldumdx.dll:nvldumdx.dll (00007FFA48390000), size: 802816 (result: 0), SymType: '-deferred-', PDB: '', fileVersion: 32.0.15.8088
C:\WINDOWS\SYSTEM32\wldp.dll:wldp.dll (00007FFA4E330000), size: 409600 (result: 0), SymType: '-deferred-', PDB: '', fileVersion: 10.0.26100.5074
C:\WINDOWS\SYSTEM32\drvstore.dll:drvstore.dll (00007FFA48020000), size: 1527808 (result: 0), SymType: '-deferred-', PDB: '', fileVersion: 10.0.26100.5074
C:\WINDOWS\System32\DriverStore\FileRepository\nv_dispi.inf_amd64_fe5f369669db2f36\nvgpucomp64.dll:nvgpucomp64.dll (00007FFA43550000), size: 64561152 (result: 0), SymType: '-deferred-', PDB: '', fileVersion: 32.0.15.8088
C:\WINDOWS\System32\DriverStore\FileRepository\nv_dispi.inf_amd64_fe5f369669db2f36\Display.NvContainer\NvMessageBus.dll:NvMessageBus.dll (00007FFA37410000), size: 3551232 (result: 0), SymType: '-deferred-', PDB: '', fileVersion: 3.15.3538.9611
C:\WINDOWS\System32\DriverStore\FileRepository\nv_dispi.inf_amd64_fe5f369669db2f36\NvMemMapStoragex.dll:NvMemMapStoragex.dll (00007FFA40B10000), size: 909312 (result: 0), SymType: '-deferred-', PDB: ''
C:\WINDOWS\System32\DriverStore\FileRepository\nv_dispi.inf_amd64_fe5f369669db2f36\nvwgf2umx.dll:nvwgf2umx.dll (00007FFA3A200000), size: 92487680 (result: 0), SymType: '-deferred-', PDB: '', fileVersion: 32.0.15.8088
C:\WINDOWS\system32\nvspcap64.dll:nvspcap64.dll (00007FFA25270000), size: 1339392 (result: 0), SymType: '-deferred-', PDB: '', fileVersion: 11.0.5.245
C:\WINDOWS\SYSTEM32\ntmarta.dll:ntmarta.dll (00007FFA4DC20000), size: 221184 (result: 0), SymType: '-deferred-', PDB: '', fileVersion: 10.0.26100.4202
C:\WINDOWS\System32\DriverStore\FileRepository\nv_dispi.inf_amd64_fe5f369669db2f36\nvppex.dll:nvppex.dll (00007FF9F6E50000), size: 1798144 (result: 0), SymType: '-deferred-', PDB: '', fileVersion: 32.0.15.8088
C:\WINDOWS\SYSTEM32\opencl.dll:opencl.dll (00007FF9F1B40000), size: 225280 (result: 0), SymType: '-deferred-', PDB: '', fileVersion: 3.0.6.0
D:\UNITY\6000.2.7f2\Editor\radeonrays.dll:radeonrays.dll (00007FF9A78C0000), size: 344064 (result: 0), SymType: '-deferred-', PDB: ''
D:\UNITY\6000.2.7f2\Editor\Data\MonoBleedingEdge\EmbedRuntime\mono-2.0-bdwgc.dll:mono-2.0-bdwgc.dll (00007FF9A5AC0000), size: 10760192 (result: 0), SymType: '-deferred-', PDB: ''
C:\WINDOWS\SYSTEM32\PROPSYS.dll:PROPSYS.dll (00007FFA49A80000), size: 1064960 (result: 0), SymType: '-deferred-', PDB: '', fileVersion: 7.0.26100.5074
C:\WINDOWS\SYSTEM32\edputil.dll:edputil.dll (00007FFA34D00000), size: 167936 (result: 0), SymType: '-deferred-', PDB: '', fileVersion: 10.0.26100.3037
C:\Windows\System32\Windows.StateRepositoryPS.dll:Windows.StateRepositoryPS.dll (00007FFA2DB70000), size: 802816 (result: 0), SymType: '-deferred-', PDB: '', fileVersion: 10.0.26100.5074
C:\WINDOWS\SYSTEM32\urlmon.dll:urlmon.dll (00007FFA2FD50000), size: 1961984 (result: 0), SymType: '-deferred-', PDB: '', fileVersion: 11.0.26100.6584
C:\WINDOWS\SYSTEM32\iertutil.dll:iertutil.dll (00007FFA31720000), size: 2899968 (result: 0), SymType: '-deferred-', PDB: '', fileVersion: 11.0.26100.5074
C:\WINDOWS\SYSTEM32\netutils.dll:netutils.dll (00007FFA4D4F0000), size: 53248 (result: 0), SymType: '-deferred-', PDB: '', fileVersion: 10.0.26100.1882
C:\WINDOWS\SYSTEM32\srvcli.dll:srvcli.dll (00007FFA34300000), size: 167936 (result: 0), SymType: '-deferred-', PDB: '', fileVersion: 10.0.26100.1150
C:\WINDOWS\SYSTEM32\virtdisk.dll:virtdisk.dll (00007FFA1ECE0000), size: 94208 (result: 0), SymType: '-deferred-', PDB: '', fileVersion: 10.0.26100.5074
C:\WINDOWS\SYSTEM32\dbghelp.dll:dbghelp.dll (00007FFA47430000), size: 2367488 (result: 0), SymType: '-deferred-', PDB: '', fileVersion: 10.0.26100.5074

========== OUTPUTTING STACK TRACE ==================

0x00007FFA4EE266CA (KERNELBASE) RaiseException
0x00007FF97EE013F9 (Unity) EditorMonoConsole::LogToConsoleImplementation
0x00007FF97EE020E0 (Unity) EditorMonoConsole::LogToConsoleImplementation
0x00007FF97FAACAFD (Unity) DebugStringToFilePostprocessedStacktrace
0x00007FF97FAABE79 (Unity) DebugStringToFile
0x00007FF97F38D835 (Unity) RegisterAssemblyDefinition
0x00007FF97F7AF7F5 (Unity) ProcessAssemblyAssets
0x00007FF97F7B0556 (Unity) UpdateScriptCompilationPipelineCaches
0x00007FF97F68C6F4 (Unity) InitializeScriptPipelineCaches
0x00007FF97EEFF2FB (Unity) Application::InitializeProject
0x00007FF97F4E18D5 (Unity) UnityMain
0x00007FF68BDB2F2A (Unity) __scrt_common_main_seh
0x00007FFA502CE8D7 (KERNEL32) BaseThreadInitThunk
0x00007FFA51C08D9C (ntdll) RtlUserThreadStart

========== END OF STACKTRACE ===========

A crash has been intercepted by the crash handler. For call stack and other details, see the latest crash report generated in:
 * C:/Users/X-GAMING/AppData/Local/Temp/Unity/Editor/Crashes
